c:\users\mizo\onedrive - arab academy for science and technology\desktop\system\switchcasecompiler\build\switchcasecompilercli.dir\release\mocs_compilation_release.obj
c:\users\mizo\onedrive - arab academy for science and technology\desktop\system\switchcasecompiler\build\switchcasecompilercli.dir\release\codegenerator.obj
c:\users\mizo\onedrive - arab academy for science and technology\desktop\system\switchcasecompiler\build\switchcasecompilercli.dir\release\optimizer.obj
c:\users\mizo\onedrive - arab academy for science and technology\desktop\system\switchcasecompiler\build\switchcasecompilercli.dir\release\tacgenerator.obj
c:\users\mizo\onedrive - arab academy for science and technology\desktop\system\switchcasecompiler\build\switchcasecompilercli.dir\release\ast.obj
c:\users\mizo\onedrive - arab academy for science and technology\desktop\system\switchcasecompiler\build\switchcasecompilercli.dir\release\parser.obj
c:\users\mizo\onedrive - arab academy for science and technology\desktop\system\switchcasecompiler\build\switchcasecompilercli.dir\release\lexer.obj
c:\users\mizo\onedrive - arab academy for science and technology\desktop\system\switchcasecompiler\build\switchcasecompilercli.dir\release\compilercli.obj
c:\users\mizo\onedrive - arab academy for science and technology\desktop\system\switchcasecompiler\build\switchcasecompilercli.dir\release\semanticanalyzer.obj
c:\users\mizo\onedrive - arab academy for science and technology\desktop\system\switchcasecompiler\build\cmakefiles\generate.stamp
c:\users\mizo\onedrive - arab academy for science and technology\desktop\system\switchcasecompiler\build\release\switchcasecompilercli.exe
c:\users\mizo\onedrive - arab academy for science and technology\desktop\system\switchcasecompiler\build\switchcasecompilercli.dir\release\switchca.ba663dff.tlog\cl.command.1.tlog
c:\users\mizo\onedrive - arab academy for science and technology\desktop\system\switchcasecompiler\build\switchcasecompilercli.dir\release\switchca.ba663dff.tlog\cl.items.tlog
c:\users\mizo\onedrive - arab academy for science and technology\desktop\system\switchcasecompiler\build\switchcasecompilercli.dir\release\switchca.ba663dff.tlog\cl.read.1.tlog
c:\users\mizo\onedrive - arab academy for science and technology\desktop\system\switchcasecompiler\build\switchcasecompilercli.dir\release\switchca.ba663dff.tlog\cl.write.1.tlog
c:\users\mizo\onedrive - arab academy for science and technology\desktop\system\switchcasecompiler\build\switchcasecompilercli.dir\release\switchca.ba663dff.tlog\custombuild.command.1.tlog
c:\users\mizo\onedrive - arab academy for science and technology\desktop\system\switchcasecompiler\build\switchcasecompilercli.dir\release\switchca.ba663dff.tlog\custombuild.read.1.tlog
c:\users\mizo\onedrive - arab academy for science and technology\desktop\system\switchcasecompiler\build\switchcasecompilercli.dir\release\switchca.ba663dff.tlog\custombuild.write.1.tlog
c:\users\mizo\onedrive - arab academy for science and technology\desktop\system\switchcasecompiler\build\switchcasecompilercli.dir\release\switchca.ba663dff.tlog\link.command.1.tlog
c:\users\mizo\onedrive - arab academy for science and technology\desktop\system\switchcasecompiler\build\switchcasecompilercli.dir\release\switchca.ba663dff.tlog\link.read.1.tlog
c:\users\mizo\onedrive - arab academy for science and technology\desktop\system\switchcasecompiler\build\switchcasecompilercli.dir\release\switchca.ba663dff.tlog\link.secondary.1.tlog
c:\users\mizo\onedrive - arab academy for science and technology\desktop\system\switchcasecompiler\build\switchcasecompilercli.dir\release\switchca.ba663dff.tlog\link.write.1.tlog
