c:\users\mizo\onedrive - arab academy for science and technology\desktop\system\switchcasecompiler\build\switchcasecompiler.dir\release\lifetimediagram.obj
c:\users\mizo\onedrive - arab academy for science and technology\desktop\system\switchcasecompiler\build\switchcasecompiler.dir\release\tokenchart.obj
c:\users\mizo\onedrive - arab academy for science and technology\desktop\system\switchcasecompiler\build\switchcasecompiler.dir\release\grammarcoverage.obj
c:\users\mizo\onedrive - arab academy for science and technology\desktop\system\switchcasecompiler\build\switchcasecompiler.dir\release\pipelinediagram.obj
c:\users\mizo\onedrive - arab academy for science and technology\desktop\system\switchcasecompiler\build\switchcasecompiler.dir\release\tacsimulator.obj
c:\users\mizo\onedrive - arab academy for science and technology\desktop\system\switchcasecompiler\build\switchcasecompiler.dir\release\optimizationdiff.obj
c:\users\mizo\onedrive - arab academy for science and technology\desktop\system\switchcasecompiler\build\switchcasecompiler.dir\release\optimizationpanel.obj
c:\users\mizo\onedrive - arab academy for science and technology\desktop\system\switchcasecompiler\build\switchcasecompiler.dir\release\threecolumnview.obj
c:\users\mizo\onedrive - arab academy for science and technology\desktop\system\switchcasecompiler\build\switchcasecompiler.dir\release\astview.obj
c:\users\mizo\onedrive - arab academy for science and technology\desktop\system\switchcasecompiler\build\switchcasecompiler.dir\release\parsetreeview.obj
c:\users\mizo\onedrive - arab academy for science and technology\desktop\system\switchcasecompiler\build\switchcasecompiler.dir\release\derivationviewer.obj
c:\users\mizo\onedrive - arab academy for science and technology\desktop\system\switchcasecompiler\build\switchcasecompiler.dir\release\codegenerator.obj
c:\users\mizo\onedrive - arab academy for science and technology\desktop\system\switchcasecompiler\build\switchcasecompiler.dir\release\optimizer.obj
c:\users\mizo\onedrive - arab academy for science and technology\desktop\system\switchcasecompiler\build\switchcasecompiler.dir\release\tacgenerator.obj
c:\users\mizo\onedrive - arab academy for science and technology\desktop\system\switchcasecompiler\build\switchcasecompiler.dir\release\ast.obj
c:\users\mizo\onedrive - arab academy for science and technology\desktop\system\switchcasecompiler\build\switchcasecompiler.dir\release\parser.obj
c:\users\mizo\onedrive - arab academy for science and technology\desktop\system\switchcasecompiler\build\switchcasecompiler.dir\release\lexer.obj
c:\users\mizo\onedrive - arab academy for science and technology\desktop\system\switchcasecompiler\build\switchcasecompiler.dir\release\qrc_resources_release.obj
c:\users\mizo\onedrive - arab academy for science and technology\desktop\system\switchcasecompiler\build\switchcasecompiler.dir\release\codeeditor.obj
c:\users\mizo\onedrive - arab academy for science and technology\desktop\system\switchcasecompiler\build\switchcasecompiler.dir\release\syntaxhighlighter.obj
c:\users\mizo\onedrive - arab academy for science and technology\desktop\system\switchcasecompiler\build\switchcasecompiler.dir\release\shortcutoverlay.obj
c:\users\mizo\onedrive - arab academy for science and technology\desktop\system\switchcasecompiler\build\switchcasecompiler.dir\release\compilereport.obj
c:\users\mizo\onedrive - arab academy for science and technology\desktop\system\switchcasecompiler\build\switchcasecompiler.dir\release\main.obj
c:\users\mizo\onedrive - arab academy for science and technology\desktop\system\switchcasecompiler\build\switchcasecompiler.dir\release\mainwindow.obj
c:\users\mizo\onedrive - arab academy for science and technology\desktop\system\switchcasecompiler\build\switchcasecompiler.dir\release\semanticanalyzer.obj
c:\users\mizo\onedrive - arab academy for science and technology\desktop\system\switchcasecompiler\build\switchcasecompiler.dir\release\mocs_compilation_release.obj
c:\users\mizo\onedrive - arab academy for science and technology\desktop\system\switchcasecompiler\build\switchcasecompiler.dir\release\performancemetrics.obj
c:\users\mizo\onedrive - arab academy for science and technology\desktop\system\switchcasecompiler\build\switchcasecompiler.dir\release\irflowdiagram.obj
c:\users\mizo\onedrive - arab academy for science and technology\desktop\system\switchcasecompiler\build\switchcasecompiler_autogen\k2sf5zl7ff\qrc_resources_release.cpp
c:\users\mizo\onedrive - arab academy for science and technology\desktop\system\switchcasecompiler\build\cmakefiles\generate.stamp
c:\users\mizo\onedrive - arab academy for science and technology\desktop\system\switchcasecompiler\build\release\switchcasecompiler.exe
c:\users\mizo\onedrive - arab academy for science and technology\desktop\system\switchcasecompiler\build\switchcasecompiler.dir\release\switchca.24f38f9f.tlog\cl.command.1.tlog
c:\users\mizo\onedrive - arab academy for science and technology\desktop\system\switchcasecompiler\build\switchcasecompiler.dir\release\switchca.24f38f9f.tlog\cl.items.tlog
c:\users\mizo\onedrive - arab academy for science and technology\desktop\system\switchcasecompiler\build\switchcasecompiler.dir\release\switchca.24f38f9f.tlog\cl.read.1.tlog
c:\users\mizo\onedrive - arab academy for science and technology\desktop\system\switchcasecompiler\build\switchcasecompiler.dir\release\switchca.24f38f9f.tlog\cl.write.1.tlog
c:\users\mizo\onedrive - arab academy for science and technology\desktop\system\switchcasecompiler\build\switchcasecompiler.dir\release\switchca.24f38f9f.tlog\custombuild.command.1.tlog
c:\users\mizo\onedrive - arab academy for science and technology\desktop\system\switchcasecompiler\build\switchcasecompiler.dir\release\switchca.24f38f9f.tlog\custombuild.read.1.tlog
c:\users\mizo\onedrive - arab academy for science and technology\desktop\system\switchcasecompiler\build\switchcasecompiler.dir\release\switchca.24f38f9f.tlog\custombuild.write.1.tlog
c:\users\mizo\onedrive - arab academy for science and technology\desktop\system\switchcasecompiler\build\switchcasecompiler.dir\release\switchca.24f38f9f.tlog\link.command.1.tlog
c:\users\mizo\onedrive - arab academy for science and technology\desktop\system\switchcasecompiler\build\switchcasecompiler.dir\release\switchca.24f38f9f.tlog\link.read.1.tlog
c:\users\mizo\onedrive - arab academy for science and technology\desktop\system\switchcasecompiler\build\switchcasecompiler.dir\release\switchca.24f38f9f.tlog\link.secondary.1.tlog
c:\users\mizo\onedrive - arab academy for science and technology\desktop\system\switchcasecompiler\build\switchcasecompiler.dir\release\switchca.24f38f9f.tlog\link.write.1.tlog
